Flow report for snake
Tue Jun 13 20:11:02 2017
Quartus II Version 9.1 Build 304 01/25/2010 Service Pack 1 SJ Web Edition


---------------------
; Table of Contents ;
---------------------
  1. Legal Notice
  2. Flow Summary
  3. Flow Settings
  4. Flow Non-Default Global Settings
  5. Flow Elapsed Time
  6. Flow OS Summary
  7. Flow Log



----------------
; Legal Notice ;
----------------
Copyright (C) 1991-2010 Altera Corporation
Your use of Altera Corporation's design tools, logic functions 
and other software and tools, and its AMPP partner logic 
functions, and any output files from any of the foregoing 
(including device programming or simulation files), and any 
associated documentation or information are expressly subject 
to the terms and conditions of the Altera Program License 
Subscription Agreement, Altera MegaCore Function License 
Agreement, or other applicable license agreement, including, 
without limitation, that your use is for the sole purpose of 
programming logic devices manufactured by Altera and sold by 
Altera or its authorized distributors.  Please refer to the 
applicable agreement for further details.



+-----------------------------------------------------------------------------------+
; Flow Summary                                                                      ;
+------------------------------------+----------------------------------------------+
; Flow Status                        ; Successful - Tue Jun 13 20:11:02 2017        ;
; Quartus II Version                 ; 9.1 Build 304 01/25/2010 SP 1 SJ Web Edition ;
; Revision Name                      ; snake                                        ;
; Top-level Entity Name              ; snake                                        ;
; Family                             ; Cyclone III                                  ;
; Device                             ; EP3C16F484C6                                 ;
; Timing Models                      ; Final                                        ;
; Met timing requirements            ; N/A                                          ;
; Total logic elements               ; 525 / 15,408 ( 3 % )                         ;
;     Total combinational functions  ; 524 / 15,408 ( 3 % )                         ;
;     Dedicated logic registers      ; 89 / 15,408 ( < 1 % )                        ;
; Total registers                    ; 89                                           ;
; Total pins                         ; 40 / 347 ( 12 % )                            ;
; Total virtual pins                 ; 0                                            ;
; Total memory bits                  ; 0 / 516,096 ( 0 % )                          ;
; Embedded Multiplier 9-bit elements ; 0 / 112 ( 0 % )                              ;
; Total PLLs                         ; 0 / 4 ( 0 % )                                ;
+------------------------------------+----------------------------------------------+


+-----------------------------------------+
; Flow Settings                           ;
+-------------------+---------------------+
; Option            ; Setting             ;
+-------------------+---------------------+
; Start date & time ; 06/13/2017 20:10:37 ;
; Main task         ; Compilation         ;
; Revision Name     ; snake               ;
+-------------------+---------------------+


+------------------------------------------------------------------------------------------------------------------------------------------+
; Flow Non-Default Global Settings                                                                                                         ;
+------------------------------------+------------------------------------------------+---------------+-------------+----------------------+
; Assignment Name                    ; Value                                          ; Default Value ; Entity Name ; Section Id           ;
+------------------------------------+------------------------------------------------+---------------+-------------+----------------------+
; COMPILER_SIGNATURE_ID              ; 53350628748496.149735583704880                 ; --            ; --          ; --                   ;
; EDA_DESIGN_ENTRY_SYNTHESIS_TOOL    ; Design Compiler                                ; <None>        ; --          ; --                   ;
; EDA_INPUT_DATA_FORMAT              ; Verilog Hdl                                    ; --            ; --          ; eda_design_synthesis ;
; EDA_INPUT_VCC_NAME                 ; Vdd                                            ; --            ; --          ; eda_design_synthesis ;
; EDA_LMF_FILE                       ; altsyn.lmf                                     ; --            ; --          ; eda_design_synthesis ;
; EDA_OUTPUT_DATA_FORMAT             ; Verilog Hdl                                    ; --            ; --          ; eda_simulation       ;
; EDA_SIMULATION_TOOL                ; ModelSim-Altera (Verilog)                      ; <None>        ; --          ; --                   ;
; EDA_TIME_SCALE                     ; 1 ps                                           ; --            ; --          ; eda_simulation       ;
; MAX_CORE_JUNCTION_TEMP             ; 85                                             ; --            ; --          ; --                   ;
; MIN_CORE_JUNCTION_TEMP             ; 0                                              ; --            ; --          ; --                   ;
; MISC_FILE                          ; C:/Users/user/Desktop/snake/snake.dpf          ; --            ; --          ; --                   ;
; MISC_FILE                          ; C:/Users/user/Documents/GitHub/snake/snake.dpf ; --            ; --          ; --                   ;
; MISC_FILE                          ; C:/Users/zp/Desktop/snake/snake.dpf            ; --            ; --          ; --                   ;
; NOMINAL_CORE_SUPPLY_VOLTAGE        ; 1.2V                                           ; --            ; --          ; --                   ;
; PARTITION_COLOR                    ; 16764057                                       ; --            ; --          ; Top                  ;
; PARTITION_NETLIST_TYPE             ; SOURCE                                         ; --            ; --          ; Top                  ;
; USE_GENERATED_PHYSICAL_CONSTRAINTS ; Off                                            ; --            ; --          ; eda_blast_fpga       ;
+------------------------------------+------------------------------------------------+---------------+-------------+----------------------+


+-------------------------------------------------------------------------------------------------------------------------------+
; Flow Elapsed Time                                                                                                             ;
+---------------------------+--------------+-------------------------+---------------------+------------------------------------+
; Module Name               ; Elapsed Time ; Average Processors Used ; Peak Virtual Memory ; Total CPU Time (on all processors) ;
+---------------------------+--------------+-------------------------+---------------------+------------------------------------+
; Analysis & Synthesis      ; 00:00:08     ; 1.0                     ; 243 MB              ; 00:00:06                           ;
; Fitter                    ; 00:00:09     ; 1.0                     ; 294 MB              ; 00:00:07                           ;
; TimeQuest Timing Analyzer ; 00:00:03     ; 1.0                     ; 233 MB              ; 00:00:03                           ;
; Assembler                 ; 00:00:01     ; 1.0                     ; 242 MB              ; 00:00:02                           ;
; EDA Netlist Writer        ; 00:00:01     ; 1.0                     ; 200 MB              ; 00:00:02                           ;
; Total                     ; 00:00:21     ; --                      ; --                  ; 00:00:18                           ;
+---------------------------+--------------+-------------------------+---------------------+------------------------------------+


+--------------------------------------------------------------------------------------------+
; Flow OS Summary                                                                            ;
+---------------------------+------------------+---------------+------------+----------------+
; Module Name               ; Machine Hostname ; OS Name       ; OS Version ; Processor type ;
+---------------------------+------------------+---------------+------------+----------------+
; Analysis & Synthesis      ; DESKTOP-VUAVGSR  ; Windows Vista ; 6.2        ; x86_64         ;
; Fitter                    ; DESKTOP-VUAVGSR  ; Windows Vista ; 6.2        ; x86_64         ;
; Assembler                 ; DESKTOP-VUAVGSR  ; Windows Vista ; 6.2        ; x86_64         ;
; TimeQuest Timing Analyzer ; DESKTOP-VUAVGSR  ; Windows Vista ; 6.2        ; x86_64         ;
; EDA Netlist Writer        ; DESKTOP-VUAVGSR  ; Windows Vista ; 6.2        ; x86_64         ;
+---------------------------+------------------+---------------+------------+----------------+


------------
; Flow Log ;
------------
quartus_map --read_settings_files=on --write_settings_files=off snake -c snake
quartus_fit --read_settings_files=off --write_settings_files=off snake -c snake
quartus_asm --read_settings_files=off --write_settings_files=off snake -c snake
quartus_sta snake -c snake
quartus_eda --read_settings_files=off --write_settings_files=off snake -c snake



