Analysis & Synthesis report for snake
Tue Jun 13 21:11:28 2017
Quartus II Version 9.1 Build 304 01/25/2010 Service Pack 1 SJ Web Edition


---------------------
; Table of Contents ;
---------------------
  1. Legal Notice
  2. Analysis & Synthesis Summary
  3. Analysis & Synthesis Settings
  4. Parallel Compilation
  5. Analysis & Synthesis Source Files Read
  6. Analysis & Synthesis Resource Usage Summary
  7. Analysis & Synthesis Resource Utilization by Entity
  8. State Machine - |snake|tempdirection
  9. State Machine - |snake|direction
 10. Registers Removed During Synthesis
 11. General Register Statistics
 12. Inverted Register Statistics
 13. Multiplexer Restructuring Statistics (Restructuring Performed)
 14. Analysis & Synthesis Messages
 15. Analysis & Synthesis Suppressed Messages



----------------
; Legal Notice ;
----------------
Copyright (C) 1991-2010 Altera Corporation
Your use of Altera Corporation's design tools, logic functions 
and other software and tools, and its AMPP partner logic 
functions, and any output files from any of the foregoing 
(including device programming or simulation files), and any 
associated documentation or information are expressly subject 
to the terms and conditions of the Altera Program License 
Subscription Agreement, Altera MegaCore Function License 
Agreement, or other applicable license agreement, including, 
without limitation, that your use is for the sole purpose of 
programming logic devices manufactured by Altera and sold by 
Altera or its authorized distributors.  Please refer to the 
applicable agreement for further details.



+-----------------------------------------------------------------------------------+
; Analysis & Synthesis Summary                                                      ;
+------------------------------------+----------------------------------------------+
; Analysis & Synthesis Status        ; Successful - Tue Jun 13 21:11:28 2017        ;
; Quartus II Version                 ; 9.1 Build 304 01/25/2010 SP 1 SJ Web Edition ;
; Revision Name                      ; snake                                        ;
; Top-level Entity Name              ; snake                                        ;
; Family                             ; Cyclone III                                  ;
; Total logic elements               ; 575                                          ;
;     Total combinational functions  ; 574                                          ;
;     Dedicated logic registers      ; 98                                           ;
; Total registers                    ; 98                                           ;
; Total pins                         ; 40                                           ;
; Total virtual pins                 ; 0                                            ;
; Total memory bits                  ; 0                                            ;
; Embedded Multiplier 9-bit elements ; 0                                            ;
; Total PLLs                         ; 0                                            ;
+------------------------------------+----------------------------------------------+


+----------------------------------------------------------------------------------------------------------------------+
; Analysis & Synthesis Settings                                                                                        ;
+----------------------------------------------------------------------------+--------------------+--------------------+
; Option                                                                     ; Setting            ; Default Value      ;
+----------------------------------------------------------------------------+--------------------+--------------------+
; Device                                                                     ; EP3C16F484C6       ;                    ;
; Top-level entity name                                                      ; snake              ; snake              ;
; Family name                                                                ; Cyclone III        ; Stratix II         ;
; Type of Retiming Performed During Resynthesis                              ; Full               ;                    ;
; Resynthesis Optimization Effort                                            ; Normal             ;                    ;
; Physical Synthesis Level for Resynthesis                                   ; Normal             ;                    ;
; Use Generated Physical Constraints File                                    ; On                 ;                    ;
; Use smart compilation                                                      ; Off                ; Off                ;
; Enable parallel Assembler and TimeQuest Timing Analyzer during compilation ; On                 ; On                 ;
; Enable compact report table                                                ; Off                ; Off                ;
; Restructure Multiplexers                                                   ; Auto               ; Auto               ;
; Create Debugging Nodes for IP Cores                                        ; Off                ; Off                ;
; Preserve fewer node names                                                  ; On                 ; On                 ;
; Disable OpenCore Plus hardware evaluation                                  ; Off                ; Off                ;
; Verilog Version                                                            ; Verilog_2001       ; Verilog_2001       ;
; VHDL Version                                                               ; VHDL_1993          ; VHDL_1993          ;
; State Machine Processing                                                   ; Auto               ; Auto               ;
; Safe State Machine                                                         ; Off                ; Off                ;
; Extract Verilog State Machines                                             ; On                 ; On                 ;
; Extract VHDL State Machines                                                ; On                 ; On                 ;
; Ignore Verilog initial constructs                                          ; Off                ; Off                ;
; Iteration limit for constant Verilog loops                                 ; 5000               ; 5000               ;
; Iteration limit for non-constant Verilog loops                             ; 250                ; 250                ;
; Add Pass-Through Logic to Inferred RAMs                                    ; On                 ; On                 ;
; Parallel Synthesis                                                         ; On                 ; On                 ;
; DSP Block Balancing                                                        ; Auto               ; Auto               ;
; NOT Gate Push-Back                                                         ; On                 ; On                 ;
; Power-Up Don't Care                                                        ; On                 ; On                 ;
; Remove Redundant Logic Cells                                               ; Off                ; Off                ;
; Remove Duplicate Registers                                                 ; On                 ; On                 ;
; Ignore CARRY Buffers                                                       ; Off                ; Off                ;
; Ignore CASCADE Buffers                                                     ; Off                ; Off                ;
; Ignore GLOBAL Buffers                                                      ; Off                ; Off                ;
; Ignore ROW GLOBAL Buffers                                                  ; Off                ; Off                ;
; Ignore LCELL Buffers                                                       ; Off                ; Off                ;
; Ignore SOFT Buffers                                                        ; On                 ; On                 ;
; Limit AHDL Integers to 32 Bits                                             ; Off                ; Off                ;
; Optimization Technique                                                     ; Balanced           ; Balanced           ;
; Carry Chain Length                                                         ; 70                 ; 70                 ;
; Auto Carry Chains                                                          ; On                 ; On                 ;
; Auto Open-Drain Pins                                                       ; On                 ; On                 ;
; Perform WYSIWYG Primitive Resynthesis                                      ; Off                ; Off                ;
; Auto ROM Replacement                                                       ; On                 ; On                 ;
; Auto RAM Replacement                                                       ; On                 ; On                 ;
; Auto DSP Block Replacement                                                 ; On                 ; On                 ;
; Auto Shift Register Replacement                                            ; Auto               ; Auto               ;
; Auto Clock Enable Replacement                                              ; On                 ; On                 ;
; Strict RAM Replacement                                                     ; Off                ; Off                ;
; Allow Synchronous Control Signals                                          ; On                 ; On                 ;
; Force Use of Synchronous Clear Signals                                     ; Off                ; Off                ;
; Auto RAM Block Balancing                                                   ; On                 ; On                 ;
; Auto RAM to Logic Cell Conversion                                          ; Off                ; Off                ;
; Auto Resource Sharing                                                      ; Off                ; Off                ;
; Allow Any RAM Size For Recognition                                         ; Off                ; Off                ;
; Allow Any ROM Size For Recognition                                         ; Off                ; Off                ;
; Allow Any Shift Register Size For Recognition                              ; Off                ; Off                ;
; Use LogicLock Constraints during Resource Balancing                        ; On                 ; On                 ;
; Ignore translate_off and synthesis_off directives                          ; Off                ; Off                ;
; Timing-Driven Synthesis                                                    ; On                 ; On                 ;
; Show Parameter Settings Tables in Synthesis Report                         ; On                 ; On                 ;
; Ignore Maximum Fan-Out Assignments                                         ; Off                ; Off                ;
; Synchronization Register Chain Length                                      ; 2                  ; 2                  ;
; PowerPlay Power Optimization                                               ; Normal compilation ; Normal compilation ;
; HDL message level                                                          ; Level2             ; Level2             ;
; Suppress Register Optimization Related Messages                            ; Off                ; Off                ;
; Number of Removed Registers Reported in Synthesis Report                   ; 5000               ; 5000               ;
; Number of Inverted Registers Reported in Synthesis Report                  ; 100                ; 100                ;
; Clock MUX Protection                                                       ; On                 ; On                 ;
; Auto Gated Clock Conversion                                                ; Off                ; Off                ;
; Block Design Naming                                                        ; Auto               ; Auto               ;
; SDC constraint protection                                                  ; Off                ; Off                ;
; Synthesis Effort                                                           ; Auto               ; Auto               ;
; Shift Register Replacement - Allow Asynchronous Clear Signal               ; On                 ; On                 ;
; Analysis & Synthesis Message Level                                         ; Medium             ; Medium             ;
; Disable Register Merging Across Hierarchies                                ; Auto               ; Auto               ;
; Resource Aware Inference For Block RAM                                     ; On                 ; On                 ;
+----------------------------------------------------------------------------+--------------------+--------------------+


Parallel compilation was disabled, but you have multiple processors available. Enable parallel compilation to reduce compilation time.
+-------------------------------------+
; Parallel Compilation                ;
+----------------------------+--------+
; Processors                 ; Number ;
+----------------------------+--------+
; Number detected on machine ; 2      ;
; Maximum allowed            ; 1      ;
+----------------------------+--------+


+-----------------------------------------------------------------------------------------------------------------+
; Analysis & Synthesis Source Files Read                                                                          ;
+----------------------------------+-----------------+------------------------+-----------------------------------+
; File Name with User-Entered Path ; Used in Netlist ; File Type              ; File Name with Absolute Path      ;
+----------------------------------+-----------------+------------------------+-----------------------------------+
; snake.v                          ; yes             ; User Verilog HDL File  ; C:/Users/zp/Desktop/snake/snake.v ;
+----------------------------------+-----------------+------------------------+-----------------------------------+


+-----------------------------------------------------+
; Analysis & Synthesis Resource Usage Summary         ;
+---------------------------------------------+-------+
; Resource                                    ; Usage ;
+---------------------------------------------+-------+
; Estimated Total logic elements              ; 575   ;
;                                             ;       ;
; Total combinational functions               ; 574   ;
; Logic element usage by number of LUT inputs ;       ;
;     -- 4 input functions                    ; 277   ;
;     -- 3 input functions                    ; 38    ;
;     -- <=2 input functions                  ; 259   ;
;                                             ;       ;
; Logic elements by mode                      ;       ;
;     -- normal mode                          ; 365   ;
;     -- arithmetic mode                      ; 209   ;
;                                             ;       ;
; Total registers                             ; 98    ;
;     -- Dedicated logic registers            ; 98    ;
;     -- I/O registers                        ; 0     ;
;                                             ;       ;
; I/O pins                                    ; 40    ;
; Maximum fan-out node                        ; cycle ;
; Maximum fan-out                             ; 71    ;
; Total fan-out                               ; 2035  ;
; Average fan-out                             ; 2.71  ;
+---------------------------------------------+-------+


+-----------------------------------------------------------------------------------------------------------------------------------------------------------------------------+
; Analysis & Synthesis Resource Utilization by Entity                                                                                                                         ;
+----------------------------+-------------------+--------------+-------------+--------------+---------+-----------+------+--------------+---------------------+--------------+
; Compilation Hierarchy Node ; LC Combinationals ; LC Registers ; Memory Bits ; DSP Elements ; DSP 9x9 ; DSP 18x18 ; Pins ; Virtual Pins ; Full Hierarchy Name ; Library Name ;
+----------------------------+-------------------+--------------+-------------+--------------+---------+-----------+------+--------------+---------------------+--------------+
; |snake                     ; 574 (574)         ; 98 (98)      ; 0           ; 0            ; 0       ; 0         ; 40   ; 0            ; |snake              ; work         ;
+----------------------------+-------------------+--------------+-------------+--------------+---------+-----------+------+--------------+---------------------+--------------+
Note: For table entries with two numbers listed, the numbers in parentheses indicate the number of resources of the given type used by the specific entity alone. The numbers listed outside of parentheses indicate the total resources of the given type used by the specific entity and all of its sub-entities in the hierarchy.


Encoding Type:  One-Hot
+----------------------------------------------------------------------------------------------+
; State Machine - |snake|tempdirection                                                         ;
+------------------+------------------+------------------+------------------+------------------+
; Name             ; tempdirection.11 ; tempdirection.10 ; tempdirection.01 ; tempdirection.00 ;
+------------------+------------------+------------------+------------------+------------------+
; tempdirection.00 ; 0                ; 0                ; 0                ; 0                ;
; tempdirection.01 ; 0                ; 0                ; 1                ; 1                ;
; tempdirection.10 ; 0                ; 1                ; 0                ; 1                ;
; tempdirection.11 ; 1                ; 0                ; 0                ; 1                ;
+------------------+------------------+------------------+------------------+------------------+


Encoding Type:  One-Hot
+--------------------------------------------------------------------------+
; State Machine - |snake|direction                                         ;
+--------------+--------------+--------------+--------------+--------------+
; Name         ; direction.11 ; direction.10 ; direction.01 ; direction.00 ;
+--------------+--------------+--------------+--------------+--------------+
; direction.00 ; 0            ; 0            ; 0            ; 0            ;
; direction.01 ; 0            ; 0            ; 1            ; 1            ;
; direction.10 ; 0            ; 1            ; 0            ; 1            ;
; direction.11 ; 1            ; 0            ; 0            ; 1            ;
+--------------+--------------+--------------+--------------+--------------+


+---------------------------------------------------------------------------------+
; Registers Removed During Synthesis                                              ;
+----------------------------------------+----------------------------------------+
; Register name                          ; Reason for Removal                     ;
+----------------------------------------+----------------------------------------+
; hex_d[7][0]                            ; Stuck at GND due to stuck port data_in ;
; heady[2..31]                           ; Stuck at GND due to stuck port data_in ;
; tempdirection.00                       ; Lost fanout                            ;
; tempdirection.01                       ; Lost fanout                            ;
; tempdirection.10                       ; Lost fanout                            ;
; tempdirection.11                       ; Lost fanout                            ;
; tempdirection~2                        ; Lost fanout                            ;
; tempdirection~3                        ; Lost fanout                            ;
; direction~2                            ; Lost fanout                            ;
; direction~3                            ; Lost fanout                            ;
; direction.00                           ; Lost fanout                            ;
; direction.01                           ; Lost fanout                            ;
; direction.10                           ; Lost fanout                            ;
; direction.11                           ; Lost fanout                            ;
; clkcount[26]                           ; Lost fanout                            ;
; Total Number of Removed Registers = 44 ;                                        ;
+----------------------------------------+----------------------------------------+


+------------------------------------------------------+
; General Register Statistics                          ;
+----------------------------------------------+-------+
; Statistic                                    ; Value ;
+----------------------------------------------+-------+
; Total registers                              ; 98    ;
; Number of registers using Synchronous Clear  ; 0     ;
; Number of registers using Synchronous Load   ; 1     ;
; Number of registers using Asynchronous Clear ; 0     ;
; Number of registers using Asynchronous Load  ; 0     ;
; Number of registers using Clock Enable       ; 35    ;
; Number of registers using Preset             ; 0     ;
+----------------------------------------------+-------+


+---------------------------------------------------+
; Inverted Register Statistics                      ;
+-----------------------------------------+---------+
; Inverted Register                       ; Fan out ;
+-----------------------------------------+---------+
; hex_d[11][0]                            ; 4       ;
; hex_d[10][2]                            ; 3       ;
; hex_d[9][2]                             ; 3       ;
; hex_d[9][0]                             ; 3       ;
; hex_d[9][1]                             ; 3       ;
; hex_d[10][1]                            ; 3       ;
; hex_d[10][0]                            ; 3       ;
; hex_d[8][0]                             ; 3       ;
; hex_d[7][2]                             ; 3       ;
; hex_d[6][2]                             ; 3       ;
; hex_d[6][0]                             ; 3       ;
; hex_d[6][1]                             ; 3       ;
; hex_d[7][1]                             ; 3       ;
; hex_d[5][0]                             ; 3       ;
; hex_d[4][2]                             ; 3       ;
; hex_d[3][2]                             ; 3       ;
; hex_d[3][0]                             ; 3       ;
; hex_d[3][1]                             ; 3       ;
; hex_d[4][1]                             ; 3       ;
; hex_d[4][0]                             ; 3       ;
; hex_d[2][0]                             ; 3       ;
; hex_d[1][2]                             ; 3       ;
; hex_d[0][2]                             ; 3       ;
; hex_d[0][0]                             ; 3       ;
; hex_d[0][1]                             ; 3       ;
; hex_d[1][1]                             ; 3       ;
; hex_d[1][0]                             ; 3       ;
; headx[1]                                ; 14      ;
; headx[0]                                ; 12      ;
; headx[2]                                ; 11      ;
; hex_d[5][2]                             ; 2       ;
; hex_d[5][1]                             ; 2       ;
; hex_d[2][2]                             ; 2       ;
; hex_d[2][1]                             ; 2       ;
; hex_d[11][2]                            ; 2       ;
; hex_d[8][2]                             ; 2       ;
; hex_d[8][1]                             ; 2       ;
; hex_d[11][1]                            ; 2       ;
; Total number of inverted registers = 38 ;         ;
+-----------------------------------------+---------+


+------------------------------------------------------------------------------------------------------------------------------------------+
; Multiplexer Restructuring Statistics (Restructuring Performed)                                                                           ;
+--------------------+-----------+---------------+----------------------+------------------------+------------+----------------------------+
; Multiplexer Inputs ; Bus Width ; Baseline Area ; Area if Restructured ; Saving if Restructured ; Registered ; Example Multiplexer Output ;
+--------------------+-----------+---------------+----------------------+------------------------+------------+----------------------------+
; 5:1                ; 31 bits   ; 93 LEs        ; 62 LEs               ; 31 LEs                 ; No         ; |snake|Selector1           ;
; 11:1               ; 30 bits   ; 210 LEs       ; 120 LEs              ; 90 LEs                 ; No         ; |snake|Selector56          ;
; 15:1               ; 32 bits   ; 320 LEs       ; 320 LEs              ; 0 LEs                  ; No         ; |snake|headx               ;
+--------------------+-----------+---------------+----------------------+------------------------+------------+----------------------------+


+-------------------------------+
; Analysis & Synthesis Messages ;
+-------------------------------+
Info: *******************************************************************
Info: Running Quartus II Analysis & Synthesis
    Info: Version 9.1 Build 304 01/25/2010 Service Pack 1 SJ Web Edition
    Info: Processing started: Tue Jun 13 21:11:17 2017
Info: Command: quartus_map --read_settings_files=on --write_settings_files=off snake -c snake
Info: Found 1 design units, including 1 entities, in source file snake.v
    Info: Found entity 1: snake
Info: Found 1 design units, including 1 entities, in source file up.v
    Info: Found entity 1: up
Info: Found 1 design units, including 1 entities, in source file left.v
    Info: Found entity 1: left
Info: Found 1 design units, including 1 entities, in source file right.v
    Info: Found entity 1: right
Info: Found 1 design units, including 1 entities, in source file down.v
    Info: Found entity 1: down
Info: Found 1 design units, including 1 entities, in source file directionmove.v
    Info: Found entity 1: directionmove
Info: Elaborating entity "snake" for the top level hierarchy
Warning (10036): Verilog HDL or VHDL warning at snake.v(9): object "record" assigned a value but never read
Warning (10036): Verilog HDL or VHDL warning at snake.v(18): object "tempheady" assigned a value but never read
Warning (10036): Verilog HDL or VHDL warning at snake.v(19): object "lasttailx" assigned a value but never read
Warning (10036): Verilog HDL or VHDL warning at snake.v(20): object "lasttaily" assigned a value but never read
Warning (10230): Verilog HDL assignment warning at snake.v(50): truncated value with size 32 to match size of target (1)
Warning (10230): Verilog HDL assignment warning at snake.v(51): truncated value with size 32 to match size of target (1)
Warning (10855): Verilog HDL warning at snake.v(39): initial value for variable record should be constant
Warning: Output pins are stuck at VCC or GND
    Warning (13410): Pin "hex2_d[6]" is stuck at GND
Info: Timing-Driven Synthesis is running
Info: 13 registers lost all their fanouts during netlist optimizations. The first 13 are displayed below.
    Info: Register "tempdirection.00" lost all its fanouts during netlist optimizations.
    Info: Register "tempdirection.01" lost all its fanouts during netlist optimizations.
    Info: Register "tempdirection.10" lost all its fanouts during netlist optimizations.
    Info: Register "tempdirection.11" lost all its fanouts during netlist optimizations.
    Info: Register "tempdirection~2" lost all its fanouts during netlist optimizations.
    Info: Register "tempdirection~3" lost all its fanouts during netlist optimizations.
    Info: Register "direction~2" lost all its fanouts during netlist optimizations.
    Info: Register "direction~3" lost all its fanouts during netlist optimizations.
    Info: Register "direction.00" lost all its fanouts during netlist optimizations.
    Info: Register "direction.01" lost all its fanouts during netlist optimizations.
    Info: Register "direction.10" lost all its fanouts during netlist optimizations.
    Info: Register "direction.11" lost all its fanouts during netlist optimizations.
    Info: Register "clkcount[26]" lost all its fanouts during netlist optimizations.
Info: Generated suppressed messages file C:/Users/zp/Desktop/snake/snake.map.smsg
Info: Implemented 621 device resources after synthesis - the final resource count might be different
    Info: Implemented 8 input pins
    Info: Implemented 32 output pins
    Info: Implemented 581 logic cells
Info: Quartus II Analysis & Synthesis was successful. 0 errors, 9 warnings
    Info: Peak virtual memory: 243 megabytes
    Info: Processing ended: Tue Jun 13 21:11:28 2017
    Info: Elapsed time: 00:00:11
    Info: Total CPU time (on all processors): 00:00:08


+------------------------------------------+
; Analysis & Synthesis Suppressed Messages ;
+------------------------------------------+
The suppressed messages can be found in C:/Users/zp/Desktop/snake/snake.map.smsg.


